
> server@1.0.0 dev
> tsx watch src/index.ts

◇ injected env (0) from .env // tip: ⌘ enable debugging { debug: true }
/app/server/node_modules/@prisma/client/src/runtime/getPrismaClient.ts:336
        throw new PrismaClientInitializationError(
              ^

PrismaClientInitializationError: `PrismaClient` needs to be constructed with a non-empty, valid `PrismaClientOptions`:

```
new PrismaClient({
  ...
})
```

or

```
constructor() {
  super({ ... });
}
```

    at new t (/app/server/node_modules/@prisma/client/src/runtime/getPrismaClient.ts:336:15)
    at <anonymous> (/app/server/src/index.ts:12:16)
    at ModuleJob.run (node:internal/modules/esm/module_job:343:25)
    at async onImport.tracePromise.__proto__ (node:internal/modules/esm/loader:665:26)
    at async asyncRunEntryPointWithESMLoader (node:internal/modules/run_main:117:5) {
  clientVersion: '7.8.0',
  errorCode: undefined,
  retryable: undefined
}

Node.js v22.22.1
3:23:20 PM [tsx] change in ./src/index.ts Rerunning...
c◇ injected env (0) from .env // tip: ⌁ auth for agents [www.vestauth.com]
/app/server/node_modules/@prisma/client/src/runtime/getPrismaClient.ts:336
        throw new PrismaClientInitializationError(
              ^

PrismaClientInitializationError: `PrismaClient` needs to be constructed with a non-empty, valid `PrismaClientOptions`:

```
new PrismaClient({
  ...
})
```

or

```
constructor() {
  super({ ... });
}
```

    at new t (/app/server/node_modules/@prisma/client/src/runtime/getPrismaClient.ts:336:15)
    at <anonymous> (/app/server/src/index.ts:12:16)
    at ModuleJob.run (node:internal/modules/esm/module_job:343:25)
    at async onImport.tracePromise.__proto__ (node:internal/modules/esm/loader:665:26)
    at async asyncRunEntryPointWithESMLoader (node:internal/modules/run_main:117:5) {
  clientVersion: '7.8.0',
  errorCode: undefined,
  retryable: undefined
}

Node.js v22.22.1
