
> react-example@0.0.0 dev
> vite --port=3000 --host=0.0.0.0


  VITE v6.4.3  ready in 436 ms

  ➜  Local:   http://localhost:3000/
  ➜  Network: http://192.168.0.2:3000/
3:22:44 PM [vite] (client) hmr update /src/pages/protected/AdminPortal.tsx, /src/index.css
3:22:53 PM [vite] (client) hmr update /src/pages/protected/AdminPortal.tsx, /src/index.css
3:23:20 PM [vite] (client) page reload server/src/index.ts
3:25:58 PM [vite] (client) page reload server/dist/routes.js
3:25:58 PM [vite] (client) page reload server/dist/src/index.js
3:25:58 PM [vite] (client) page reload server/dist/src/index.d.ts
3:25:58 PM [vite] (client) page reload server/dist/src/index.d.ts.map
3:25:58 PM [vite] (client) page reload server/dist/src/index.js.map
3:25:58 PM [vite] (client) page reload server/dist/utils/s3.js
3:25:58 PM [vite] (client) page reload server/dist/utils/s3.d.ts
3:25:58 PM [vite] (client) page reload server/dist/utils/s3.d.ts.map
3:25:58 PM [vite] (client) page reload server/dist/utils/s3.js.map
3:25:58 PM [vite] (client) page reload server/dist/index.js
3:25:58 PM [vite] (client) page reload server/dist/index.d.ts.map
3:25:58 PM [vite] (client) page reload server/dist/index.d.ts
3:25:58 PM [vite] (client) page reload server/dist/routes.d.ts
3:25:58 PM [vite] (client) page reload server/dist/routes.js.map
3:25:58 PM [vite] (client) page reload server/dist/index.js.map
3:25:58 PM [vite] (client) page reload server/dist/routes.d.ts.map
